2025-09-15 15:52:00 | INFO | repo=tictactoe | action=commit
2025-04-12 13:46:00 | DEBUG | repo=tictactoe | action=commit
2025-05-12 17:08:00 | WARN | repo=tictactoe | action=commit
2025-07-26 14:35:00 | INFO | repo=tictactoe | action=commit
2025-04-19 13:30:00 | INFO | repo=tictactoe | action=commit
2025-08-27 16:40:00 | INFO | repo=tictactoe | action=commit
2025-03-14 19:26:00 | DEBUG | repo=tictactoe | action=commit
2025-12-11 08:21:00 | INFO | repo=tictactoe | action=commit
2025-06-04 18:51:00 | WARN | repo=tictactoe | action=commit
2025-11-11 13:06:00 | WARN | repo=tictactoe | action=commit
2025-11-05 18:10:00 | DEBUG | repo=tictactoe | action=commit
2025-11-12 14:44:00 | DEBUG | repo=tictactoe | action=commit
2025-10-25 19:13:00 | DEBUG | repo=tictactoe | action=commit
2025-07-21 13:49:00 | WARN | repo=tictactoe | action=test | passed=true
2025-10-18 12:11:00 | DEBUG | repo=tictactoe | action=commit
2025-05-19 21:05:00 | DEBUG | repo=tictactoe | action=commit
2025-03-22 07:25:00 | INFO | repo=tictactoe | action=commit
2025-06-21 14:27:00 | INFO | repo=tictactoe | action=commit
2025-03-24 17:27:00 | DEBUG | repo=tictactoe | action=commit
2025-07-05 20:40:00 | DEBUG | repo=tictactoe | action=commit
2025-07-26 16:44:00 | DEBUG | repo=tictactoe | action=commit
2025-04-24 17:01:00 | DEBUG | repo=tictactoe | action=commit
2025-04-20 18:51:00 | INFO | repo=tictactoe | action=commit
2025-12-25 20:00:00 | INFO | repo=tictactoe | action=commit
2025-03-21 14:25:00 | WARN | repo=tictactoe | action=commit
2025-09-05 11:20:00 | INFO | repo=tictactoe | action=commit
2025-02-23 15:10:00 | WARN | repo=tictactoe | action=commit
2025-01-25 18:07:00 | WARN | repo=tictactoe | action=commit
2025-06-20 17:03:00 | INFO | repo=tictactoe | action=test | passed=true
2025-12-13 20:41:00 | DEBUG | repo=tictactoe | action=commit
2025-07-03 10:02:00 | WARN | repo=tictactoe | action=commit
2025-05-11 20:14:00 | WARN | repo=tictactoe | action=commit
2025-10-04 10:01:00 | WARN | repo=tictactoe | action=commit
2025-10-23 07:03:00 | DEBUG | repo=tictactoe | action=commit
2025-12-01 21:59:00 | DEBUG | repo=tictactoe | action=commit
2025-01-15 20:44:00 | WARN | repo=tictactoe | action=pull
2025-12-01 16:58:00 | DEBUG | repo=tictactoe | action=edit | files=5
2025-06-08 10:00:00 | WARN | repo=tictactoe | action=test | passed=true
2025-02-11 08:25:00 | DEBUG | repo=tictactoe | action=test | passed=true
2025-02-23 18:03:00 | DEBUG | repo=tictactoe | action=commit
2025-06-12 21:52:00 | INFO | repo=tictactoe | action=commit
2025-09-24 20:53:00 | DEBUG | repo=tictactoe | action=edit | files=5
2025-04-28 13:35:00 | WARN | repo=tictactoe | action=commit
2025-01-20 10:04:00 | DEBUG | repo=tictactoe | action=commit
2025-09-17 14:55:00 | INFO | repo=tictactoe | action=commit
2025-04-24 20:01:00 | WARN | repo=tictactoe | action=commit
2025-06-01 10:37:00 | INFO | repo=tictactoe | action=commit
2025-07-03 19:17:00 | WARN | repo=tictactoe | action=pull
2025-01-15 09:08:00 | WARN | repo=tictactoe | action=edit | files=3
2025-01-05 18:09:00 | INFO | repo=tictactoe | action=commit
2025-08-19 07:05:00 | WARN | repo=tictactoe | action=commit
2025-10-14 09:29:00 | DEBUG | repo=tictactoe | action=commit
2025-09-25 08:38:00 | WARN | repo=tictactoe | action=commit
2025-09-18 18:32:00 | INFO | repo=tictactoe | action=edit | files=4
2025-05-23 10:17:00 | WARN | repo=tictactoe | action=edit | files=4
2025-06-01 19:47:00 | INFO | repo=tictactoe | action=commit
2025-12-11 18:49:00 | DEBUG | repo=tictactoe | action=commit
2025-02-23 14:02:00 | DEBUG | repo=tictactoe | action=commit
2025-07-03 09:15:00 | DEBUG | repo=tictactoe | action=commit
2025-12-02 11:33:00 | DEBUG | repo=tictactoe | action=test | passed=true
2025-10-28 19:13:00 | WARN | repo=tictactoe | action=commit
2025-05-03 14:22:00 | DEBUG | repo=tictactoe | action=commit
2025-04-12 07:24:00 | INFO | repo=tictactoe | action=commit
2025-10-10 17:49:00 | WARN | repo=tictactoe | action=commit
2025-07-22 10:38:00 | WARN | repo=tictactoe | action=pull
2025-03-10 16:58:00 | INFO | repo=tictactoe | action=commit
2025-12-21 15:16:00 | DEBUG | repo=tictactoe | action=pull
2025-03-03 21:53:00 | WARN | repo=tictactoe | action=edit | files=2
2025-03-17 08:51:00 | WARN | repo=tictactoe | action=test | passed=true
2025-09-03 19:20:00 | DEBUG | repo=tictactoe | action=commit
2025-01-06 16:48:00 | INFO | repo=tictactoe | action=commit
2025-03-14 11:04:00 | INFO | repo=tictactoe | action=commit
2025-02-19 10:32:00 | WARN | repo=tictactoe | action=edit | files=1
2025-10-22 15:55:00 | WARN | repo=tictactoe | action=pull
2025-06-16 07:23:00 | WARN | repo=tictactoe | action=pull
2025-10-07 16:12:00 | INFO | repo=tictactoe | action=commit
2025-01-03 11:42:00 | WARN | repo=tictactoe | action=commit
2025-08-13 17:30:00 | INFO | repo=tictactoe | action=commit
2025-09-03 21:56:00 | DEBUG | repo=tictactoe | action=commit
2025-03-12 18:55:00 | DEBUG | repo=tictactoe | action=commit
2025-11-27 08:21:00 | DEBUG | repo=tictactoe | action=commit
2025-06-26 20:03:00 | WARN | repo=tictactoe | action=commit
2025-11-20 15:32:00 | DEBUG | repo=tictactoe | action=commit
2025-08-06 07:01:00 | DEBUG | repo=tictactoe | action=test | passed=true
2025-11-16 16:14:00 | INFO | repo=tictactoe | action=commit
2025-09-26 10:34:00 | DEBUG | repo=tictactoe | action=commit
2025-01-25 15:51:00 | INFO | repo=tictactoe | action=pull
2025-02-14 20:05:00 | INFO | repo=tictactoe | action=commit
2025-11-06 18:16:00 | DEBUG | repo=tictactoe | action=commit
2025-11-21 10:38:00 | DEBUG | repo=tictactoe | action=commit
2025-09-06 19:18:00 | DEBUG | repo=tictactoe | action=commit
2025-07-12 07:06:00 | WARN | repo=tictactoe | action=commit
2025-04-19 18:01:00 | WARN | repo=tictactoe | action=edit | files=3
2025-02-25 18:15:00 | WARN | repo=tictactoe | action=commit
2025-12-12 13:44:00 | INFO | repo=tictactoe | action=commit
2025-03-19 17:38:00 | DEBUG | repo=tictactoe | action=commit
2025-05-06 21:20:00 | DEBUG | repo=tictactoe | action=commit
2025-06-25 17:25:00 | INFO | repo=tictactoe | action=commit
2025-09-16 18:39:00 | WARN | repo=tictactoe | action=commit
2025-11-01 21:53:00 | DEBUG | repo=tictactoe | action=commit
2025-06-01 15:06:00 | DEBUG | repo=tictactoe | action=edit | files=5
2025-03-25 16:31:00 | INFO | repo=tictactoe | action=commit
2025-01-13 18:59:00 | WARN | repo=tictactoe | action=commit
2025-12-25 11:17:00 | WARN | repo=tictactoe | action=commit
2025-02-15 07:39:00 | INFO | repo=tictactoe | action=commit
2025-10-04 10:28:00 | WARN | repo=tictactoe | action=commit
2025-11-21 15:52:00 | WARN | repo=tictactoe | action=pull
2025-07-07 19:01:00 | INFO | repo=tictactoe | action=commit
2025-10-16 09:53:00 | INFO | repo=tictactoe | action=commit
2025-02-04 19:42:00 | WARN | repo=tictactoe | action=commit
2025-09-09 07:38:00 | DEBUG | repo=tictactoe | action=commit
2025-04-08 12:33:00 | INFO | repo=tictactoe | action=commit
2025-04-09 09:59:00 | INFO | repo=tictactoe | action=commit
2025-06-19 16:54:00 | WARN | repo=tictactoe | action=pull
2025-10-27 21:34:00 | INFO | repo=tictactoe | action=commit
2025-07-07 18:17:00 | INFO | repo=tictactoe | action=test | passed=true
2025-04-13 10:17:00 | DEBUG | repo=tictactoe | action=commit
2025-06-24 08:05:00 | INFO | repo=tictactoe | action=edit | files=4
2025-10-24 19:48:00 | WARN | repo=tictactoe | action=commit
2025-11-08 13:40:00 | INFO | repo=tictactoe | action=commit
2025-11-26 07:44:00 | DEBUG | repo=tictactoe | action=commit
2025-09-02 08:44:00 | INFO | repo=tictactoe | action=test | passed=true
2025-08-14 16:55:00 | WARN | repo=tictactoe | action=commit
2025-03-13 19:24:00 | INFO | repo=tictactoe | action=edit | files=2
2025-06-24 11:38:00 | WARN | repo=tictactoe | action=commit
2025-01-01 09:38:00 | DEBUG | repo=tictactoe | action=pull
2025-09-24 11:12:00 | DEBUG | repo=tictactoe | action=commit
2025-04-26 14:56:00 | DEBUG | repo=tictactoe | action=commit
2025-08-05 08:33:00 | DEBUG | repo=tictactoe | action=commit
2025-01-11 10:45:00 | DEBUG | repo=tictactoe | action=commit
